2025-05-25 20:04:34 [main] INFO  io.github.bonigarcia.wdm.WebDriverManager - Using chromedriver 136.0.7103.113 (resolved driver for Chrome 136)
2025-05-25 20:04:34 [main] INFO  io.github.bonigarcia.wdm.WebDriverManager - Exporting webdriver.chrome.driver as C:\Users\nikhi\.cache\selenium\chromedriver\win64\136.0.7103.113\chromedriver.exe
2025-05-25 20:04:35 [main] INFO  org.testng.internal.Utils - [TestNG] Running:
  C:\Automation\Projects\SeleniumFrameworkDesign\SampleAutomationEndToEnd\testng.xml

2025-05-25 20:04:37 [main] INFO  Pages.HomePage - Navigated to: https://demoqa.com/
2025-05-25 20:49:27 [main] INFO  io.github.bonigarcia.wdm.WebDriverManager - Using chromedriver 136.0.7103.113 (resolved driver for Chrome 136)
2025-05-25 20:49:27 [main] INFO  io.github.bonigarcia.wdm.WebDriverManager - Exporting webdriver.chrome.driver as C:\Users\nikhi\.cache\selenium\chromedriver\win64\136.0.7103.113\chromedriver.exe
2025-05-25 20:49:28 [main] INFO  org.testng.internal.Utils - [TestNG] Running:
  C:\Automation\Projects\SeleniumFrameworkDesign\SampleAutomationEndToEnd\testng.xml

2025-05-25 20:49:34 [main] INFO  Pages.HomePage - Navigated to: https://demoqa.com/
2025-05-25 21:25:20 [main] INFO  io.github.bonigarcia.wdm.WebDriverManager - Using chromedriver 136.0.7103.113 (resolved driver for Chrome 136)
2025-05-25 21:25:20 [main] INFO  io.github.bonigarcia.wdm.WebDriverManager - Exporting webdriver.chrome.driver as C:\Users\nikhi\.cache\selenium\chromedriver\win64\136.0.7103.113\chromedriver.exe
2025-05-25 21:25:21 [main] INFO  org.testng.internal.Utils - [TestNG] Running:
  C:\Automation\Projects\SeleniumFrameworkDesign\SampleAutomationEndToEnd\testng.xml

2025-05-25 21:25:28 [main] INFO  Pages.HomePage - Navigated to: https://demoqa.com/
2025-05-25 21:26:31 [main] INFO  io.github.bonigarcia.wdm.WebDriverManager - Using chromedriver 136.0.7103.113 (resolved driver for Chrome 136)
2025-05-25 21:26:32 [main] INFO  io.github.bonigarcia.wdm.WebDriverManager - Exporting webdriver.chrome.driver as C:\Users\nikhi\.cache\selenium\chromedriver\win64\136.0.7103.113\chromedriver.exe
2025-05-25 21:26:33 [main] INFO  org.testng.internal.Utils - [TestNG] Running:
  C:\Automation\Projects\SeleniumFrameworkDesign\SampleAutomationEndToEnd\testng.xml

2025-05-25 21:26:39 [main] INFO  Pages.HomePage - Navigated to: https://demoqa.com/
2025-05-25 21:27:33 [main] INFO  io.github.bonigarcia.wdm.WebDriverManager - Using chromedriver 136.0.7103.113 (resolved driver for Chrome 136)
2025-05-25 21:27:33 [main] INFO  io.github.bonigarcia.wdm.WebDriverManager - Exporting webdriver.chrome.driver as C:\Users\nikhi\.cache\selenium\chromedriver\win64\136.0.7103.113\chromedriver.exe
2025-05-25 21:27:34 [main] INFO  org.testng.internal.Utils - [TestNG] Running:
  C:\Automation\Projects\SeleniumFrameworkDesign\SampleAutomationEndToEnd\testng.xml

2025-05-25 21:27:39 [main] INFO  Pages.HomePage - Navigated to: https://demoqa.com/
2025-05-25 21:28:14 [main] INFO  io.github.bonigarcia.wdm.WebDriverManager - Using chromedriver 136.0.7103.113 (resolved driver for Chrome 136)
2025-05-25 21:28:14 [main] INFO  io.github.bonigarcia.wdm.WebDriverManager - Exporting webdriver.chrome.driver as C:\Users\nikhi\.cache\selenium\chromedriver\win64\136.0.7103.113\chromedriver.exe
2025-05-25 21:28:16 [main] INFO  org.testng.internal.Utils - [TestNG] Running:
  C:\Automation\Projects\SeleniumFrameworkDesign\SampleAutomationEndToEnd\testng.xml

2025-05-25 21:28:20 [main] INFO  Pages.HomePage - Navigated to: https://demoqa.com/
2025-05-25 21:28:49 [main] INFO  io.github.bonigarcia.wdm.WebDriverManager - Using chromedriver 136.0.7103.113 (resolved driver for Chrome 136)
2025-05-25 21:28:49 [main] INFO  io.github.bonigarcia.wdm.WebDriverManager - Exporting webdriver.chrome.driver as C:\Users\nikhi\.cache\selenium\chromedriver\win64\136.0.7103.113\chromedriver.exe
2025-05-25 21:28:50 [main] INFO  org.testng.internal.Utils - [TestNG] Running:
  C:\Automation\Projects\SeleniumFrameworkDesign\SampleAutomationEndToEnd\testng.xml

2025-05-25 21:28:58 [main] INFO  Pages.HomePage - Navigated to: https://demoqa.com/
2025-05-25 21:29:44 [main] INFO  io.github.bonigarcia.wdm.WebDriverManager - Using chromedriver 136.0.7103.113 (resolved driver for Chrome 136)
2025-05-25 21:29:44 [main] INFO  io.github.bonigarcia.wdm.WebDriverManager - Exporting webdriver.chrome.driver as C:\Users\nikhi\.cache\selenium\chromedriver\win64\136.0.7103.113\chromedriver.exe
2025-05-25 21:29:45 [main] INFO  org.testng.internal.Utils - [TestNG] Running:
  C:\Automation\Projects\SeleniumFrameworkDesign\SampleAutomationEndToEnd\testng.xml

2025-05-25 21:29:49 [main] INFO  Pages.HomePage - Navigated to: https://demoqa.com/
2025-05-25 22:26:03 [main] INFO  io.github.bonigarcia.wdm.WebDriverManager - Using chromedriver 136.0.7103.113 (resolved driver for Chrome 136)
2025-05-25 22:26:03 [main] INFO  io.github.bonigarcia.wdm.WebDriverManager - Exporting webdriver.chrome.driver as C:\Users\nikhi\.cache\selenium\chromedriver\win64\136.0.7103.113\chromedriver.exe
2025-05-25 22:26:05 [main] INFO  org.testng.internal.Utils - [TestNG] Running:
  C:\Automation\Projects\SeleniumFrameworkDesign\SampleAutomationEndToEnd\testng.xml

2025-05-25 22:26:10 [main] INFO  Pages.HomePage - Navigated to: https://demoqa.com/
2025-05-25 22:27:59 [main] INFO  io.github.bonigarcia.wdm.WebDriverManager - Using chromedriver 136.0.7103.113 (resolved driver for Chrome 136)
2025-05-25 22:27:59 [main] INFO  io.github.bonigarcia.wdm.WebDriverManager - Exporting webdriver.chrome.driver as C:\Users\nikhi\.cache\selenium\chromedriver\win64\136.0.7103.113\chromedriver.exe
2025-05-25 22:28:00 [main] INFO  org.testng.internal.Utils - [TestNG] Running:
  C:\Automation\Projects\SeleniumFrameworkDesign\SampleAutomationEndToEnd\testng.xml

2025-05-25 22:28:04 [main] INFO  Pages.HomePage - Navigated to: https://demoqa.com/
2025-05-25 22:28:04 [main] INFO  Tests.ui.HomePageTests - Verifying element button
2025-05-25 22:28:04 [main] INFO  Tests.ui.HomePageTests - Verifying alerts frames button
2025-05-25 22:28:04 [main] INFO  Tests.ui.HomePageTests - Verifying forms button
2025-05-25 22:28:04 [main] INFO  Tests.ui.HomePageTests - Verifying banner
2025-05-25 22:28:04 [main] INFO  Tests.ui.HomePageTests - verifying footer
2025-05-26 11:51:34 [main] INFO  io.github.bonigarcia.wdm.WebDriverManager - Using chromedriver 136.0.7103.113 (resolved driver for Chrome 136)
2025-05-26 11:51:34 [main] INFO  io.github.bonigarcia.wdm.WebDriverManager - Exporting webdriver.chrome.driver as C:\Users\nikhi\.cache\selenium\chromedriver\win64\136.0.7103.113\chromedriver.exe
2025-05-26 11:51:36 [main] INFO  org.testng.internal.Utils - [TestNG] Running:
  C:\Automation\Projects\SeleniumFrameworkDesign\SampleAutomationEndToEnd\testng.xml

2025-05-26 11:51:40 [main] INFO  Pages.HomePage - Navigated to: https://demoqa.com/
2025-05-26 11:51:40 [main] ERROR Base.BaseTests - Error while verifying the element: elements
java.lang.NullPointerException: Cannot invoke "org.testng.asserts.SoftAssert.assertTrue(boolean, String)" because "this.softAssert" is null
	at Base.BaseTests.verifyElement(BaseTests.java:29) ~[test-classes/:?]
	at Tests.ui.HomePageTests.verifyActionsOnHomePage(HomePageTests.java:31) ~[test-classes/:?]
	at jdk.internal.reflect.NativeMethodAccessorImpl.invoke0(Native Method) ~[?:?]
	at jdk.internal.reflect.NativeMethodAccessorImpl.invoke(NativeMethodAccessorImpl.java:77) ~[?:?]
	at jdk.internal.reflect.DelegatingMethodAccessorImpl.invoke(DelegatingMethodAccessorImpl.java:43) ~[?:?]
	at java.lang.reflect.Method.invoke(Method.java:568) ~[?:?]
	at org.testng.internal.invokers.MethodInvocationHelper.invokeMethod(MethodInvocationHelper.java:139) ~[testng-7.9.0.jar:7.9.0]
	at org.testng.internal.invokers.TestInvoker.invokeMethod(TestInvoker.java:664) ~[testng-7.9.0.jar:7.9.0]
	at org.testng.internal.invokers.TestInvoker.invokeTestMethod(TestInvoker.java:228) ~[testng-7.9.0.jar:7.9.0]
	at org.testng.internal.invokers.MethodRunner.runInSequence(MethodRunner.java:63) ~[testng-7.9.0.jar:7.9.0]
	at org.testng.internal.invokers.TestInvoker$MethodInvocationAgent.invoke(TestInvoker.java:961) ~[testng-7.9.0.jar:7.9.0]
	at org.testng.internal.invokers.TestInvoker.invokeTestMethods(TestInvoker.java:201) ~[testng-7.9.0.jar:7.9.0]
	at org.testng.internal.invokers.TestMethodWorker.invokeTestMethods(TestMethodWorker.java:148) ~[testng-7.9.0.jar:7.9.0]
	at org.testng.internal.invokers.TestMethodWorker.run(TestMethodWorker.java:128) ~[testng-7.9.0.jar:7.9.0]
	at java.util.ArrayList.forEach(ArrayList.java:1511) [?:?]
	at org.testng.TestRunner.privateRun(TestRunner.java:819) [testng-7.9.0.jar:7.9.0]
	at org.testng.TestRunner.run(TestRunner.java:619) [testng-7.9.0.jar:7.9.0]
	at org.testng.SuiteRunner.runTest(SuiteRunner.java:443) [testng-7.9.0.jar:7.9.0]
	at org.testng.SuiteRunner.runSequentially(SuiteRunner.java:437) [testng-7.9.0.jar:7.9.0]
	at org.testng.SuiteRunner.privateRun(SuiteRunner.java:397) [testng-7.9.0.jar:7.9.0]
	at org.testng.SuiteRunner.run(SuiteRunner.java:336) [testng-7.9.0.jar:7.9.0]
	at org.testng.SuiteRunnerWorker.runSuite(SuiteRunnerWorker.java:52) [testng-7.9.0.jar:7.9.0]
	at org.testng.SuiteRunnerWorker.run(SuiteRunnerWorker.java:95) [testng-7.9.0.jar:7.9.0]
	at org.testng.TestNG.runSuitesSequentially(TestNG.java:1301) [testng-7.9.0.jar:7.9.0]
	at org.testng.TestNG.runSuitesLocally(TestNG.java:1228) [testng-7.9.0.jar:7.9.0]
	at org.testng.TestNG.runSuites(TestNG.java:1134) [testng-7.9.0.jar:7.9.0]
	at org.testng.TestNG.run(TestNG.java:1101) [testng-7.9.0.jar:7.9.0]
	at com.intellij.rt.testng.IDEARemoteTestNG.run(IDEARemoteTestNG.java:65) [testng-rt.jar:?]
	at com.intellij.rt.testng.RemoteTestNGStarter.main(RemoteTestNGStarter.java:105) [testng-rt.jar:?]
2025-05-26 11:52:19 [main] INFO  io.github.bonigarcia.wdm.WebDriverManager - Using chromedriver 136.0.7103.113 (resolved driver for Chrome 136)
2025-05-26 11:52:19 [main] INFO  io.github.bonigarcia.wdm.WebDriverManager - Exporting webdriver.chrome.driver as C:\Users\nikhi\.cache\selenium\chromedriver\win64\136.0.7103.113\chromedriver.exe
2025-05-26 11:52:20 [main] INFO  org.testng.internal.Utils - [TestNG] Running:
  C:\Automation\Projects\SeleniumFrameworkDesign\SampleAutomationEndToEnd\testng.xml

2025-05-26 11:52:23 [main] INFO  Pages.HomePage - Navigated to: https://demoqa.com/
2025-05-26 11:52:23 [main] INFO  Base.BaseTests - Verified: elements
2025-05-26 11:52:23 [main] INFO  Base.BaseTests - Verified: Alerts, Frame & Windows button
2025-05-26 11:52:23 [main] INFO  Base.BaseTests - Verified: Forms
2025-05-26 11:52:23 [main] INFO  Base.BaseTests - Verified: Banner
2025-05-26 11:52:24 [main] INFO  Base.BaseTests - Verified: Footer
